0 info it worked if it ends with ok
1 verbose cli [ '/Users/mikhail/.nvm/versions/node/v6.11.3/bin/node',
1 verbose cli   '/Users/mikhail/.nvm/versions/node/v6.11.3/bin/npm',
1 verbose cli   'start' ]
2 info using npm@3.10.10
3 info using node@v6.11.3
4 verbose run-script [ 'prestart', 'start', 'poststart' ]
5 info lifecycle pixijs@1.0.0~prestart: pixijs@1.0.0
6 silly lifecycle pixijs@1.0.0~prestart: no script for prestart, continuing
7 info lifecycle pixijs@1.0.0~start: pixijs@1.0.0
8 verbose lifecycle pixijs@1.0.0~start: unsafe-perm in lifecycle true
9 verbose lifecycle pixijs@1.0.0~start: PATH: /Users/mikhail/.nvm/versions/node/v6.11.3/lib/node_modules/npm/bin/node-gyp-bin:/Users/mikhail/dev/pixijs/learn/node_modules/.bin:programs/mongodb-osx-x86_64-3.2.9/bin:/Users/mikhail/.nvm/versions/node/v6.11.3/bin:/Users/mikhail/.rvm/gems/ruby-2.1.2/bin:/Users/mikhail/.rvm/gems/ruby-2.1.2@global/bin:/Users/mikhail/.rvm/rubies/ruby-2.1.2/bin:/Users/mikhail/.node/bin:/usr/local/bin:/usr/bin:/bin:/usr/sbin:/sbin:/usr/local/git/bin:programs/mongodb-osx-x86_64-3.2.9/bin:/Users/mikhail/.rvm/gems/ruby-2.1.2/bin:/Users/mikhail/.rvm/gems/ruby-2.1.2@global/bin:/Users/mikhail/.rvm/rubies/ruby-2.1.2/bin:/Users/mikhail/.node/bin:/Users/mikhail/programs/apache-maven-3.2.2/bin:/Users/mikhail/programs/apache-ant-1.9.4/bin:/Applications/Sublime Text 2.app/Contents/SharedSupport/bin:/Users/mikhail/programs/mule-standalone-3.4.0/bin:/Users/mikhail/.rvm/bin:/Users/mikhail/programs/apache-maven-3.2.2/bin:/Users/mikhail/programs/apache-ant-1.9.4/bin:/Applications/Sublime Text 2.app/Contents/SharedSupport/bin:/Users/mikhail/programs/mule-standalone-3.4.0/bin
10 verbose lifecycle pixijs@1.0.0~start: CWD: /Users/mikhail/dev/pixijs/learn
11 silly lifecycle pixijs@1.0.0~start: Args: [ '-c',
11 silly lifecycle   './node_modules/webpack/bin/webpack.js --config webpack.config.js' ]
12 silly lifecycle pixijs@1.0.0~start: Returned: code: 2  signal: null
13 info lifecycle pixijs@1.0.0~start: Failed to exec start script
14 verbose stack Error: pixijs@1.0.0 start: `./node_modules/webpack/bin/webpack.js --config webpack.config.js`
14 verbose stack Exit status 2
14 verbose stack     at EventEmitter.<anonymous> (/Users/mikhail/.nvm/versions/node/v6.11.3/lib/node_modules/npm/lib/utils/lifecycle.js:255:16)
14 verbose stack     at emitTwo (events.js:106:13)
14 verbose stack     at EventEmitter.emit (events.js:191:7)
14 verbose stack     at ChildProcess.<anonymous> (/Users/mikhail/.nvm/versions/node/v6.11.3/lib/node_modules/npm/lib/utils/spawn.js:40:14)
14 verbose stack     at emitTwo (events.js:106:13)
14 verbose stack     at ChildProcess.emit (events.js:191:7)
14 verbose stack     at maybeClose (internal/child_process.js:920:16)
14 verbose stack     at Process.ChildProcess._handle.onexit (internal/child_process.js:230:5)
15 verbose pkgid pixijs@1.0.0
16 verbose cwd /Users/mikhail/dev/pixijs/learn
17 error Darwin 17.5.0
18 error argv "/Users/mikhail/.nvm/versions/node/v6.11.3/bin/node" "/Users/mikhail/.nvm/versions/node/v6.11.3/bin/npm" "start"
19 error node v6.11.3
20 error npm  v3.10.10
21 error code ELIFECYCLE
22 error pixijs@1.0.0 start: `./node_modules/webpack/bin/webpack.js --config webpack.config.js`
22 error Exit status 2
23 error Failed at the pixijs@1.0.0 start script './node_modules/webpack/bin/webpack.js --config webpack.config.js'.
23 error Make sure you have the latest version of node.js and npm installed.
23 error If you do, this is most likely a problem with the pixijs package,
23 error not with npm itself.
23 error Tell the author that this fails on your system:
23 error     ./node_modules/webpack/bin/webpack.js --config webpack.config.js
23 error You can get information on how to open an issue for this project with:
23 error     npm bugs pixijs
23 error Or if that isn't available, you can get their info via:
23 error     npm owner ls pixijs
23 error There is likely additional logging output above.
24 verbose exit [ 1, true ]
